<?xml version="1.0" encoding="UTF-8"?>
<testsuite xmlns:xsi="http://www.w3.org/2001/XMLSchema-instance" xsi:noNamespaceSchemaLocation="https://maven.apache.org/surefire/maven-surefire-plugin/xsd/surefire-test-report-3.0.xsd" version="3.0" name="burgerTests.user.CreateUserTest" time="2.046" tests="5" errors="0" skipped="0" failures="0">
  <properties>
    <property name="java.specification.version" value="16"/>
    <property name="sun.jnu.encoding" value="UTF-8"/>
    <property name="java.class.path" value="/Users/syuzanna/Documents/Diplom_Syuzanna_Kovalskaya_11/QA-java-diplom-2/target/test-classes:/Users/syuzanna/Documents/Diplom_Syuzanna_Kovalskaya_11/QA-java-diplom-2/target/classes:/Users/syuzanna/.m2/repository/junit/junit/4.12/junit-4.12.jar:/Users/syuzanna/.m2/repository/org/hamcrest/hamcrest-core/1.3/hamcrest-core-1.3.jar:/Users/syuzanna/.m2/repository/io/rest-assured/rest-assured/4.5.1/rest-assured-4.5.1.jar:/Users/syuzanna/.m2/repository/org/codehaus/groovy/groovy/3.0.9/groovy-3.0.9.jar:/Users/syuzanna/.m2/repository/org/codehaus/groovy/groovy-xml/3.0.9/groovy-xml-3.0.9.jar:/Users/syuzanna/.m2/repository/org/apache/httpcomponents/httpclient/4.5.13/httpclient-4.5.13.jar:/Users/syuzanna/.m2/repository/org/apache/httpcomponents/httpcore/4.4.13/httpcore-4.4.13.jar:/Users/syuzanna/.m2/repository/commons-logging/commons-logging/1.2/commons-logging-1.2.jar:/Users/syuzanna/.m2/repository/commons-codec/commons-codec/1.11/commons-codec-1.11.jar:/Users/syuzanna/.m2/repository/org/apache/httpcomponents/httpmime/4.5.13/httpmime-4.5.13.jar:/Users/syuzanna/.m2/repository/org/hamcrest/hamcrest/2.1/hamcrest-2.1.jar:/Users/syuzanna/.m2/repository/org/ccil/cowan/tagsoup/tagsoup/1.2.1/tagsoup-1.2.1.jar:/Users/syuzanna/.m2/repository/io/rest-assured/json-path/4.5.1/json-path-4.5.1.jar:/Users/syuzanna/.m2/repository/org/codehaus/groovy/groovy-json/3.0.9/groovy-json-3.0.9.jar:/Users/syuzanna/.m2/repository/io/rest-assured/rest-assured-common/4.5.1/rest-assured-common-4.5.1.jar:/Users/syuzanna/.m2/repository/io/rest-assured/xml-path/4.5.1/xml-path-4.5.1.jar:/Users/syuzanna/.m2/repository/org/apache/commons/commons-lang3/3.11/commons-lang3-3.11.jar:/Users/syuzanna/.m2/repository/io/qameta/allure/allure-junit4/2.19.0/allure-junit4-2.19.0.jar:/Users/syuzanna/.m2/repository/io/qameta/allure/allure-java-commons/2.19.0/allure-java-commons-2.19.0.jar:/Users/syuzanna/.m2/repository/org/slf4j/slf4j-api/1.7.30/slf4j-api-1.7.30.jar:/Users/syuzanna/.m2/repository/io/qameta/allure/allure-model/2.19.0/allure-model-2.19.0.jar:/Users/syuzanna/.m2/repository/com/google/code/gson/gson/2.8.9/gson-2.8.9.jar:"/>
    <property name="java.vm.vendor" value="Oracle Corporation"/>
    <property name="sun.arch.data.model" value="64"/>
    <property name="java.vendor.url" value="https://java.oracle.com/"/>
    <property name="user.timezone" value="Europe/Moscow"/>
    <property name="os.name" value="Mac OS X"/>
    <property name="java.vm.specification.version" value="16"/>
    <property name="sun.java.launcher" value="SUN_STANDARD"/>
    <property name="user.country" value="RU"/>
    <property name="sun.boot.library.path" value="/Library/Java/JavaVirtualMachines/jdk-16.0.2.jdk/Contents/Home/lib"/>
    <property name="sun.java.command" value="/Users/syuzanna/Documents/Diplom_Syuzanna_Kovalskaya_11/QA-java-diplom-2/target/surefire/surefirebooter-20221111141126242_3.jar /Users/syuzanna/Documents/Diplom_Syuzanna_Kovalskaya_11/QA-java-diplom-2/target/surefire 2022-11-11T14-11-25_783-jvmRun1 surefire-20221111141126242_1tmp surefire_0-20221111141126242_2tmp"/>
    <property name="http.nonProxyHosts" value="local|*.local|169.254/16|*.169.254/16"/>
    <property name="jdk.debug" value="release"/>
    <property name="surefire.test.class.path" value="/Users/syuzanna/Documents/Diplom_Syuzanna_Kovalskaya_11/QA-java-diplom-2/target/test-classes:/Users/syuzanna/Documents/Diplom_Syuzanna_Kovalskaya_11/QA-java-diplom-2/target/classes:/Users/syuzanna/.m2/repository/junit/junit/4.12/junit-4.12.jar:/Users/syuzanna/.m2/repository/org/hamcrest/hamcrest-core/1.3/hamcrest-core-1.3.jar:/Users/syuzanna/.m2/repository/io/rest-assured/rest-assured/4.5.1/rest-assured-4.5.1.jar:/Users/syuzanna/.m2/repository/org/codehaus/groovy/groovy/3.0.9/groovy-3.0.9.jar:/Users/syuzanna/.m2/repository/org/codehaus/groovy/groovy-xml/3.0.9/groovy-xml-3.0.9.jar:/Users/syuzanna/.m2/repository/org/apache/httpcomponents/httpclient/4.5.13/httpclient-4.5.13.jar:/Users/syuzanna/.m2/repository/org/apache/httpcomponents/httpcore/4.4.13/httpcore-4.4.13.jar:/Users/syuzanna/.m2/repository/commons-logging/commons-logging/1.2/commons-logging-1.2.jar:/Users/syuzanna/.m2/repository/commons-codec/commons-codec/1.11/commons-codec-1.11.jar:/Users/syuzanna/.m2/repository/org/apache/httpcomponents/httpmime/4.5.13/httpmime-4.5.13.jar:/Users/syuzanna/.m2/repository/org/hamcrest/hamcrest/2.1/hamcrest-2.1.jar:/Users/syuzanna/.m2/repository/org/ccil/cowan/tagsoup/tagsoup/1.2.1/tagsoup-1.2.1.jar:/Users/syuzanna/.m2/repository/io/rest-assured/json-path/4.5.1/json-path-4.5.1.jar:/Users/syuzanna/.m2/repository/org/codehaus/groovy/groovy-json/3.0.9/groovy-json-3.0.9.jar:/Users/syuzanna/.m2/repository/io/rest-assured/rest-assured-common/4.5.1/rest-assured-common-4.5.1.jar:/Users/syuzanna/.m2/repository/io/rest-assured/xml-path/4.5.1/xml-path-4.5.1.jar:/Users/syuzanna/.m2/repository/org/apache/commons/commons-lang3/3.11/commons-lang3-3.11.jar:/Users/syuzanna/.m2/repository/io/qameta/allure/allure-junit4/2.19.0/allure-junit4-2.19.0.jar:/Users/syuzanna/.m2/repository/io/qameta/allure/allure-java-commons/2.19.0/allure-java-commons-2.19.0.jar:/Users/syuzanna/.m2/repository/org/slf4j/slf4j-api/1.7.30/slf4j-api-1.7.30.jar:/Users/syuzanna/.m2/repository/io/qameta/allure/allure-model/2.19.0/allure-model-2.19.0.jar:/Users/syuzanna/.m2/repository/com/google/code/gson/gson/2.8.9/gson-2.8.9.jar:"/>
    <property name="allure.results.directory" value="/Users/syuzanna/Documents/Diplom_Syuzanna_Kovalskaya_11/QA-java-diplom-2/target/allure-results"/>
    <property name="sun.cpu.endian" value="little"/>
    <property name="user.home" value="/Users/syuzanna"/>
    <property name="user.language" value="ru"/>
    <property name="java.specification.vendor" value="Oracle Corporation"/>
    <property name="java.version.date" value="2021-07-20"/>
    <property name="java.home" value="/Library/Java/JavaVirtualMachines/jdk-16.0.2.jdk/Contents/Home"/>
    <property name="file.separator" value="/"/>
    <property name="basedir" value="/Users/syuzanna/Documents/Diplom_Syuzanna_Kovalskaya_11/QA-java-diplom-2"/>
    <property name="java.vm.compressedOopsMode" value="Zero based"/>
    <property name="line.separator" value="&#10;"/>
    <property name="java.specification.name" value="Java Platform API Specification"/>
    <property name="java.vm.specification.vendor" value="Oracle Corporation"/>
    <property name="surefire.real.class.path" value="/Users/syuzanna/Documents/Diplom_Syuzanna_Kovalskaya_11/QA-java-diplom-2/target/surefire/surefirebooter-20221111141126242_3.jar"/>
    <property name="sun.management.compiler" value="HotSpot 64-Bit Tiered Compilers"/>
    <property name="ftp.nonProxyHosts" value="local|*.local|169.254/16|*.169.254/16"/>
    <property name="java.runtime.version" value="16.0.2+7-67"/>
    <property name="user.name" value="syuzanna"/>
    <property name="path.separator" value=":"/>
    <property name="os.version" value="10.16"/>
    <property name="java.runtime.name" value="Java(TM) SE Runtime Environment"/>
    <property name="file.encoding" value="UTF-8"/>
    <property name="java.vm.name" value="Java HotSpot(TM) 64-Bit Server VM"/>
    <property name="localRepository" value="/Users/syuzanna/.m2/repository"/>
    <property name="java.vendor.url.bug" value="https://bugreport.java.com/bugreport/"/>
    <property name="java.io.tmpdir" value="/var/folders/v6/vm936dln3kl1g72r82znt7kr0000gn/T/"/>
    <property name="java.version" value="16.0.2"/>
    <property name="user.dir" value="/Users/syuzanna/Documents/Diplom_Syuzanna_Kovalskaya_11/QA-java-diplom-2"/>
    <property name="os.arch" value="x86_64"/>
    <property name="java.vm.specification.name" value="Java Virtual Machine Specification"/>
    <property name="java.library.path" value="/Users/syuzanna/Library/Java/Extensions:/Library/Java/Extensions:/Network/Library/Java/Extensions:/System/Library/Java/Extensions:/usr/lib/java:."/>
    <property name="java.vm.info" value="mixed mode, sharing"/>
    <property name="java.vendor" value="Oracle Corporation"/>
    <property name="java.vm.version" value="16.0.2+7-67"/>
    <property name="sun.io.unicode.encoding" value="UnicodeBig"/>
    <property name="socksNonProxyHosts" value="local|*.local|169.254/16|*.169.254/16"/>
    <property name="java.class.version" value="60.0"/>
  </properties>
  <testcase name="createUserWithoutPassword" classname="burgerTests.user.CreateUserTest" time="0.176">
    <system-out><![CDATA[Request method:	POST
Request URI:	https://stellarburgers.nomoreparties.site/api/auth/register
Proxy:			<none>
Request params:	<none>
Query params:	<none>
Form params:	<none>
Path params:	<none>
Headers:		Accept=*/*
				Content-Type=application/json
Cookies:		<none>
Multiparts:		<none>
Body:
{
    "email": "Alex4455@gmail.com",
    "password": "",
    "name": "Alex"
}
]]></system-out>
  </testcase>
  <testcase name="createUserWhoIsAlreadyRegistered" classname="burgerTests.user.CreateUserTest" time="0.646">
    <system-out><![CDATA[Request method:	POST
Request URI:	https://stellarburgers.nomoreparties.site/api/auth/register
Proxy:			<none>
Request params:	<none>
Query params:	<none>
Form params:	<none>
Path params:	<none>
Headers:		Accept=*/*
				Content-Type=application/json
Cookies:		<none>
Multiparts:		<none>
Body:
{
    "email": "alex5102@gmail.com",
    "password": "123456",
    "name": "Alex"
}
Request method:	POST
Request URI:	https://stellarburgers.nomoreparties.site/api/auth/register
Proxy:			<none>
Request params:	<none>
Query params:	<none>
Form params:	<none>
Path params:	<none>
Headers:		Accept=*/*
				Content-Type=application/json
Cookies:		<none>
Multiparts:		<none>
Body:
{
    "email": "alex5102@gmail.com",
    "password": "123456",
    "name": "Alex"
}
Request method:	DELETE
Request URI:	https://stellarburgers.nomoreparties.site/api/auth/user
Proxy:			<none>
Request params:	<none>
Query params:	<none>
Form params:	<none>
Path params:	<none>
Headers:		authorization=Bearer eyJhbGciOiJIUzI1NiIsInR5cCI6IkpXVCJ9.eyJpZCI6IjYzNmUyZGYzYzE2MWRhMDAxYjc4NWQyYiIsImlhdCI6MTY2ODE2NTEwNywiZXhwIjoxNjY4MTY2MzA3fQ.Gql0YMazzNHwUXiMJvG54vDD-meIZ50cBI2nHON30Y4
				Accept=*/*
				Content-Type=application/json
Cookies:		<none>
Multiparts:		<none>
Body:			<none>
]]></system-out>
  </testcase>
  <testcase name="createNewUniqueUserTest" classname="burgerTests.user.CreateUserTest" time="0.529">
    <system-out><![CDATA[Request method:	POST
Request URI:	https://stellarburgers.nomoreparties.site/api/auth/register
Proxy:			<none>
Request params:	<none>
Query params:	<none>
Form params:	<none>
Path params:	<none>
Headers:		Accept=*/*
				Content-Type=application/json
Cookies:		<none>
Multiparts:		<none>
Body:
{
    "email": "alex5220@gmail.com",
    "password": "123456",
    "name": "Alex"
}
Request method:	DELETE
Request URI:	https://stellarburgers.nomoreparties.site/api/auth/user
Proxy:			<none>
Request params:	<none>
Query params:	<none>
Form params:	<none>
Path params:	<none>
Headers:		authorization=Bearer eyJhbGciOiJIUzI1NiIsInR5cCI6IkpXVCJ9.eyJpZCI6IjYzNmUyZGYzYzE2MWRhMDAxYjc4NWQyZCIsImlhdCI6MTY2ODE2NTEwNywiZXhwIjoxNjY4MTY2MzA3fQ.wqalxB81hGe7hSsvhYorHxkBY6uZoinCaTdOVslFP1E
				Accept=*/*
				Content-Type=application/json
Cookies:		<none>
Multiparts:		<none>
Body:			<none>
]]></system-out>
  </testcase>
  <testcase name="createUserWithoutName" classname="burgerTests.user.CreateUserTest" time="0.436">
    <system-out><![CDATA[Request method:	POST
Request URI:	https://stellarburgers.nomoreparties.site/api/auth/register
Proxy:			<none>
Request params:	<none>
Query params:	<none>
Form params:	<none>
Path params:	<none>
Headers:		Accept=*/*
				Content-Type=application/json
Cookies:		<none>
Multiparts:		<none>
Body:
{
    "email": "Alex4455@gmail.com",
    "password": "123456",
    "name": ""
}
]]></system-out>
  </testcase>
  <testcase name="createUserWithoutEmail" classname="burgerTests.user.CreateUserTest" time="0.199">
    <system-out><![CDATA[Request method:	POST
Request URI:	https://stellarburgers.nomoreparties.site/api/auth/register
Proxy:			<none>
Request params:	<none>
Query params:	<none>
Form params:	<none>
Path params:	<none>
Headers:		Accept=*/*
				Content-Type=application/json
Cookies:		<none>
Multiparts:		<none>
Body:
{
    "email": "",
    "password": "123456",
    "name": "Alex"
}
]]></system-out>
  </testcase>
</testsuite>